<?xml version="1.0" encoding="UTF-8"?>
<!-- Generated by org.testng.reporters.JUnitXMLReporter -->
<testsuite ignored="0" hostname="DESKTOP-2QEEO47" failures="0" tests="4" name="Default test" time="0.063" errors="0" timestamp="2022-06-06T15:57:35 IST">
  <testcase classname="TestNG.Day4" name="Day33Middle" time="0.008"/>
  <testcase classname="TestNG.Day4" name="Day3Middle" time="0.001"/>
  <testcase classname="TestNG.Day4" name="Day3Start" time="0.001"/>
  <testcase classname="TestNG.Day4" name="Day3End" time="0.001"/>
</testsuite> <!-- Default test -->
