<?xml version="1.0" encoding="UTF-8"?>
<!-- Generated by org.testng.reporters.JUnitXMLReporter -->
<testsuite ignored="0" hostname="DESKTOP-2QEEO47" failures="0" tests="4" name="Test" time="0.093" errors="0" timestamp="2022-06-06T11:54:43 IST">
  <testcase classname="TestNG.Day1" name="Day1Start" time="0.008"/>
  <testcase classname="TestNG.Day1" name="Day2Middle" time="0.002"/>
  <testcase classname="TestNG.Day2" name="Day2Middle" time="0.001"/>
  <testcase classname="TestNG.Day2" name="Day2Start" time="0.001"/>
</testsuite> <!-- Test -->
