<?xml version="1.0" encoding="UTF-8"?>
<!-- Generated by org.testng.reporters.JUnitXMLReporter -->
<testsuite ignored="1" hostname="DESKTOP-2QEEO47" failures="0" tests="3" name="Education Loan" time="0.02" errors="0" timestamp="2022-06-06T12:51:36 IST">
  <testcase classname="TestNG.Day3" name="Day3Start" time="0.002"/>
  <testcase classname="TestNG.Day4" name="Day3Middle" time="0.002"/>
  <testcase classname="TestNG.Day4" name="Day3Start" time="0.002"/>
  <testcase classname="TestNG.Day3" name="Day3Middle" time="0.0">
    <ignored/>
  </testcase> <!-- Day3Middle -->
</testsuite> <!-- Education Loan -->
