<?xml version="1.0" encoding="UTF-8"?>
<!-- Generated by org.testng.reporters.JUnitXMLReporter -->
<testsuite ignored="1" hostname="DESKTOP-2QEEO47" failures="0" tests="3" name="Home Loan" time="0.074" errors="0" timestamp="2022-06-06T12:51:35 IST">
  <testcase classname="TestNG.Day1" name="Day1Start" time="0.011"/>
  <testcase classname="TestNG.Day2" name="Day2Middle" time="0.002"/>
  <testcase classname="TestNG.Day2" name="Day2Start" time="0.004"/>
  <testcase classname="TestNG.Day1" name="Day2Middle" time="0.0">
    <ignored/>
  </testcase> <!-- Day2Middle -->
</testsuite> <!-- Home Loan -->
