<?xml version="1.0" encoding="UTF-8"?>
<!-- Generated by org.testng.reporters.JUnitXMLReporter -->
<testsuite ignored="0" hostname="DESKTOP-2QEEO47" failures="0" tests="4" name="RegularExpression" time="0.13" errors="0" timestamp="2022-06-07T12:29:22 IST">
  <testcase classname="TestNGRegularexpression.Regularexpression" name="Day1Start" time="0.013"/>
  <testcase classname="TestNGRegularexpression.Regularexpression" name="Day26Middle" time="0.004"/>
  <testcase classname="TestNGRegularexpression.Regularexpression" name="Day2Middle" time="0.002"/>
  <testcase classname="TestNGRegularexpression.Regularexpression" name="Day3Middle" time="0.022"/>
</testsuite> <!-- RegularExpression -->
