<?xml version="1.0" encoding="UTF-8"?>
<!-- Generated by org.testng.reporters.JUnitXMLReporter -->
<testsuite ignored="1" hostname="DESKTOP-2QEEO47" failures="0" tests="9" name="Running on packagelevel" time="0.193" errors="0" timestamp="2022-06-07T12:29:22 IST">
  <testcase classname="TestNG.Day1" name="Day1Start" time="0.005"/>
  <testcase classname="TestNG.Day1" name="Day2Middle" time="0.023"/>
  <testcase classname="TestNG.Day2" name="Day2Middle" time="0.02"/>
  <testcase classname="TestNG.Day2" name="Day2Start" time="0.003"/>
  <testcase classname="TestNG.Day3" name="Day3Middle" time="0.001"/>
  <testcase classname="TestNG.Day3" name="Day3Start" time="0.002"/>
  <testcase classname="TestNG.Day4" name="Day33Middle" time="0.01"/>
  <testcase classname="TestNG.Day4" name="Day3Start" time="0.009"/>
  <testcase classname="TestNG.Day4" name="Day3End" time="0.0"/>
  <testcase classname="TestNG.Day4" name="Day3Middle" time="0.0">
    <ignored/>
  </testcase> <!-- Day3Middle -->
</testsuite> <!-- Running on packagelevel -->
