<?xml version="1.0" encoding="UTF-8"?>
<testng-results ignored="1" total="16" passed="15" failed="0" skipped="0">
  <reporter-output>
  </reporter-output>
  <suite started-at="2022-06-07T12:29:22 IST" name="Loan Department" finished-at="2022-06-07T12:29:22 IST" duration-ms="193">
    <groups>
      <group name="smoke">
        <method signature="Day2.Day2Start()[pri:0, instance:TestNG.Day2@26e356f0]" name="Day2Start" class="TestNG.Day2"/>
        <method signature="Day4.Day3Start()[pri:0, instance:TestNG.Day4@2dc54ad4]" name="Day3Start" class="TestNG.Day4"/>
      </group> <!-- smoke -->
    </groups>
    <test started-at="2022-06-07T12:29:22 IST" name="Running on packagelevel" finished-at="2022-06-07T12:29:22 IST" duration-ms="193">
      <class name="TestNG.Day2">
        <test-method signature="Day2Middle()[pri:0, instance:TestNG.Day2@26e356f0]" started-at="2022-06-07T12:29:22 IST" name="Day2Middle" finished-at="2022-06-07T12:29:22 IST" duration-ms="20" status="PASS">
          <reporter-output>
          </reporter-output>
        </test-method> <!-- Day2Middle -->
        <test-method signature="Day2Start()[pri:0, instance:TestNG.Day2@26e356f0]" started-at="2022-06-07T12:29:22 IST" name="Day2Start" finished-at="2022-06-07T12:29:22 IST" duration-ms="3" status="PASS">
          <reporter-output>
          </reporter-output>
        </test-method> <!-- Day2Start -->
      </class> <!-- TestNG.Day2 -->
      <class name="TestNG.Day1">
        <test-method is-config="true" signature="beforeMethod()[pri:0, instance:TestNG.Day1@618425b5]" started-at="2022-06-07T12:29:22 IST" name="beforeMethod" finished-at="2022-06-07T12:29:22 IST" duration-ms="1" status="PASS">
          <reporter-output>
          </reporter-output>
        </test-method> <!-- beforeMethod -->
        <test-method signature="Day1Start(java.lang.String)[pri:0, instance:TestNG.Day1@618425b5]" started-at="2022-06-07T12:29:22 IST" name="Day1Start" finished-at="2022-06-07T12:29:22 IST" duration-ms="5" status="PASS">
          <params>
            <param index="0">
              <value>
                <![CDATA[www.vignesh.com]]>
              </value>
            </param>
          </params>
          <reporter-output>
          </reporter-output>
        </test-method> <!-- Day1Start -->
        <test-method is-config="true" signature="afterMethod()[pri:0, instance:TestNG.Day1@618425b5]" started-at="2022-06-07T12:29:22 IST" name="afterMethod" finished-at="2022-06-07T12:29:22 IST" duration-ms="2" status="PASS">
          <reporter-output>
          </reporter-output>
        </test-method> <!-- afterMethod -->
        <test-method is-config="true" signature="beforeMethod()[pri:0, instance:TestNG.Day1@618425b5]" started-at="2022-06-07T12:29:22 IST" name="beforeMethod" finished-at="2022-06-07T12:29:22 IST" duration-ms="1" status="PASS">
          <reporter-output>
          </reporter-output>
        </test-method> <!-- beforeMethod -->
        <test-method signature="Day2Middle()[pri:0, instance:TestNG.Day1@618425b5]" started-at="2022-06-07T12:29:22 IST" name="Day2Middle" finished-at="2022-06-07T12:29:22 IST" duration-ms="23" status="PASS">
          <reporter-output>
          </reporter-output>
        </test-method> <!-- Day2Middle -->
        <test-method is-config="true" signature="afterMethod()[pri:0, instance:TestNG.Day1@618425b5]" started-at="2022-06-07T12:29:22 IST" name="afterMethod" finished-at="2022-06-07T12:29:22 IST" duration-ms="1" status="PASS">
          <reporter-output>
          </reporter-output>
        </test-method> <!-- afterMethod -->
      </class> <!-- TestNG.Day1 -->
      <class name="TestNG.Day4">
        <test-method signature="Day33Middle()[pri:0, instance:TestNG.Day4@2dc54ad4]" started-at="2022-06-07T12:29:22 IST" name="Day33Middle" finished-at="2022-06-07T12:29:22 IST" duration-ms="10" status="PASS">
          <reporter-output>
          </reporter-output>
        </test-method> <!-- Day33Middle -->
        <test-method signature="Day3Start()[pri:0, instance:TestNG.Day4@2dc54ad4]" started-at="2022-06-07T12:29:22 IST" name="Day3Start" finished-at="2022-06-07T12:29:22 IST" duration-ms="9" status="PASS">
          <reporter-output>
          </reporter-output>
        </test-method> <!-- Day3Start -->
        <test-method signature="Day3End()[pri:0, instance:TestNG.Day4@2dc54ad4]" started-at="2022-06-07T12:29:22 IST" name="Day3End" finished-at="2022-06-07T12:29:22 IST" depends-on-methods="TestNG.Day4.Day33Middle" duration-ms="0" status="PASS">
          <reporter-output>
          </reporter-output>
        </test-method> <!-- Day3End -->
      </class> <!-- TestNG.Day4 -->
      <class name="TestNG.Day3">
        <test-method signature="Day3Middle()[pri:0, instance:TestNG.Day3@47d9a273]" started-at="2022-06-07T12:29:22 IST" name="Day3Middle" finished-at="2022-06-07T12:29:22 IST" duration-ms="1" status="PASS">
          <reporter-output>
          </reporter-output>
        </test-method> <!-- Day3Middle -->
        <test-method signature="Day3Start()[pri:0, instance:TestNG.Day3@47d9a273]" started-at="2022-06-07T12:29:22 IST" name="Day3Start" finished-at="2022-06-07T12:29:22 IST" duration-ms="2" status="PASS">
          <reporter-output>
          </reporter-output>
        </test-method> <!-- Day3Start -->
      </class> <!-- TestNG.Day3 -->
    </test> <!-- Running on packagelevel -->
    <test started-at="2022-06-07T12:29:22 IST" name="Beforetest and aftertest annotation" finished-at="2022-06-07T12:29:22 IST" duration-ms="100">
      <class name="TestNGAnnotations.Differetnannotation">
        <test-method is-config="true" signature="beforeTest()[pri:0, instance:TestNGAnnotations.Differetnannotation@20140db9]" started-at="2022-06-07T12:29:22 IST" name="beforeTest" finished-at="2022-06-07T12:29:22 IST" duration-ms="1" status="PASS">
          <reporter-output>
          </reporter-output>
        </test-method> <!-- beforeTest -->
        <test-method signature="Test1()[pri:0, instance:TestNGAnnotations.Differetnannotation@20140db9]" started-at="2022-06-07T12:29:22 IST" name="Test1" finished-at="2022-06-07T12:29:22 IST" duration-ms="35" status="PASS">
          <reporter-output>
          </reporter-output>
        </test-method> <!-- Test1 -->
        <test-method is-config="true" signature="afterTest()[pri:0, instance:TestNGAnnotations.Differetnannotation@20140db9]" started-at="2022-06-07T12:29:22 IST" name="afterTest" finished-at="2022-06-07T12:29:22 IST" duration-ms="2" status="PASS">
          <reporter-output>
          </reporter-output>
        </test-method> <!-- afterTest -->
      </class> <!-- TestNGAnnotations.Differetnannotation -->
      <class name="TestNGAnnotations.Suite">
        <test-method signature="Test1()[pri:0, instance:TestNGAnnotations.Suite@2892d68]" started-at="2022-06-07T12:29:22 IST" name="Test1" finished-at="2022-06-07T12:29:22 IST" duration-ms="8" status="PASS">
          <reporter-output>
          </reporter-output>
        </test-method> <!-- Test1 -->
      </class> <!-- TestNGAnnotations.Suite -->
    </test> <!-- Beforetest and aftertest annotation -->
    <test started-at="2022-06-07T12:29:22 IST" name="RegularExpression" finished-at="2022-06-07T12:29:22 IST" duration-ms="130">
      <class name="TestNGRegularexpression.Regularexpression">
        <test-method signature="Day1Start()[pri:0, instance:TestNGRegularexpression.Regularexpression@2a7f1f10]" started-at="2022-06-07T12:29:22 IST" name="Day1Start" finished-at="2022-06-07T12:29:22 IST" duration-ms="13" status="PASS">
          <reporter-output>
          </reporter-output>
        </test-method> <!-- Day1Start -->
        <test-method signature="Day26Middle()[pri:0, instance:TestNGRegularexpression.Regularexpression@2a7f1f10]" started-at="2022-06-07T12:29:22 IST" name="Day26Middle" finished-at="2022-06-07T12:29:22 IST" duration-ms="4" status="PASS">
          <reporter-output>
          </reporter-output>
        </test-method> <!-- Day26Middle -->
        <test-method signature="Day2Middle()[pri:0, instance:TestNGRegularexpression.Regularexpression@2a7f1f10]" started-at="2022-06-07T12:29:22 IST" name="Day2Middle" finished-at="2022-06-07T12:29:22 IST" duration-ms="2" status="PASS">
          <reporter-output>
          </reporter-output>
        </test-method> <!-- Day2Middle -->
        <test-method signature="Day3Middle()[pri:0, instance:TestNGRegularexpression.Regularexpression@2a7f1f10]" started-at="2022-06-07T12:29:22 IST" name="Day3Middle" finished-at="2022-06-07T12:29:22 IST" duration-ms="22" status="PASS">
          <reporter-output>
          </reporter-output>
        </test-method> <!-- Day3Middle -->
      </class> <!-- TestNGRegularexpression.Regularexpression -->
      <class name="TestNGAnnotations.Suite">
        <test-method is-config="true" signature="beforeTest()[pri:0, instance:TestNGAnnotations.Suite@2892d68]" started-at="2022-06-07T12:29:22 IST" name="beforeTest" finished-at="2022-06-07T12:29:22 IST" duration-ms="8" status="PASS">
          <reporter-output>
          </reporter-output>
        </test-method> <!-- beforeTest -->
        <test-method is-config="true" signature="afterTest()[pri:0, instance:TestNGAnnotations.Suite@2892d68]" started-at="2022-06-07T12:29:22 IST" name="afterTest" finished-at="2022-06-07T12:29:22 IST" duration-ms="0" status="PASS">
          <reporter-output>
          </reporter-output>
        </test-method> <!-- afterTest -->
      </class> <!-- TestNGAnnotations.Suite -->
    </test> <!-- RegularExpression -->
  </suite> <!-- Loan Department -->
</testng-results>
